<?xml version="1.0" encoding="UTF-8"?>
<!-- Generated by org.testng.reporters.JUnitReportReporter -->
<testsuite skipped="0" hostname="DESKTOP-B1O0VS9" name="MyMavenDemo.MavenDemo.TC_002" tests="2" failures="0" timestamp="2020-10-20T16:56:18 MDT" time="36.209" errors="0">
  <testcase name="Demo_Test" time="11.886" classname="MyMavenDemo.MavenDemo.TC_002"/>
  <system-out/>
  <testcase name="Demo_Test" time="24.323" classname="MyMavenDemo.MavenDemo.TC_002"/>
  <system-out/>
</testsuite> <!-- MyMavenDemo.MavenDemo.TC_002 -->
