<?xml version="1.0" encoding="UTF-8"?>
<!-- Generated by org.testng.reporters.JUnitReportReporter -->
<testsuite hostname="DESKTOP-B1O0VS9" failures="0" tests="2" name="MyMavenDemo.MavenDemo.TC_003" time="28.405" errors="0" timestamp="2020-06-09T11:26:11 MDT" skipped="0">
  <testcase classname="MyMavenDemo.MavenDemo.TC_003" name="LinkTextFB" time="21.054"/>
  <system-out/>
  <testcase classname="MyMavenDemo.MavenDemo.TC_003" name="LinkTextFB" time="7.351"/>
  <system-out/>
</testsuite> <!-- MyMavenDemo.MavenDemo.TC_003 -->
