<?xml version="1.0" encoding="UTF-8"?>
<!-- Generated by org.testng.reporters.JUnitReportReporter -->
<testsuite hostname="DESKTOP-B1O0VS9" failures="0" tests="1" name="suiteB.TestB2" time="2.001" errors="0" timestamp="2020-06-03T11:54:04 MDT" skipped="0">
  <testcase classname="suiteB.TestB2" name="f" time="2.001"/>
  <system-out/>
</testsuite> <!-- suiteB.TestB2 -->
