<?xml version="1.0" encoding="UTF-8"?>
<!-- Generated by org.testng.reporters.JUnitReportReporter -->
<testsuite skipped="0" hostname="DESKTOP-B1O0VS9" name="suiteB.TestB2" tests="2" failures="0" timestamp="2020-09-08T11:38:40 MDT" time="23.623" errors="0">
  <testcase name="Verify_Title" time="17.598" classname="suiteB.TestB2"/>
  <system-out/>
  <testcase name="Verify_Title" time="6.025" classname="suiteB.TestB2"/>
  <system-out/>
</testsuite> <!-- suiteB.TestB2 -->
