<?xml version="1.0" encoding="UTF-8"?>
<!-- Generated by org.testng.reporters.JUnitReportReporter -->
<testsuite skipped="0" hostname="DESKTOP-B1O0VS9" name="suiteA.TestA2" tests="1" failures="0" timestamp="2020-06-30T12:44:19 MDT" time="18.835" errors="0">
  <testcase name="VerifyTitle" time="18.835" classname="suiteA.TestA2"/>
  <system-out/>
</testsuite> <!-- suiteA.TestA2 -->
