<?xml version="1.0" encoding="UTF-8"?>
<!-- Generated by org.testng.reporters.JUnitReportReporter -->
<testsuite skipped="0" hostname="DESKTOP-B1O0VS9" name="suiteB.TestB1" tests="2" failures="0" timestamp="2020-09-08T11:38:40 MDT" time="24.821" errors="0">
  <testcase name="Pantry_Linktest" time="6.487" classname="suiteB.TestB1"/>
  <system-out/>
  <testcase name="Pantry_Linktest" time="18.334" classname="suiteB.TestB1"/>
  <system-out/>
</testsuite> <!-- suiteB.TestB1 -->
