<?xml version="1.0" encoding="UTF-8"?>
<!-- Generated by org.testng.reporters.JUnitReportReporter -->
<testsuite hostname="DESKTOP-B1O0VS9" failures="0" tests="4" name="MyMavenDemo.MavenDemo.TestDependency" time="0.013" errors="0" timestamp="2020-06-04T10:19:54 MDT" skipped="2">
  <testcase classname="MyMavenDemo.MavenDemo.TestDependency" name="orange" time="0.009"/>
  <system-out/>
  <testcase classname="MyMavenDemo.MavenDemo.TestDependency" name="pears" time="0.002"/>
  <system-out/>
  <testcase classname="MyMavenDemo.MavenDemo.TestDependency" name="grape" time="0.002">
    <skipped/>
  </testcase> <!-- grape -->
  <system-out/>
  <testcase classname="MyMavenDemo.MavenDemo.TestDependency" name="mango" time="0.000">
    <skipped/>
  </testcase> <!-- mango -->
  <system-out/>
</testsuite> <!-- MyMavenDemo.MavenDemo.TestDependency -->
