<?xml version="1.0" encoding="UTF-8"?>
<!-- Generated by org.testng.reporters.JUnitReportReporter -->
<testsuite skipped="0" hostname="DESKTOP-B1O0VS9" name="jenkinsDemo.TC_001" tests="1" failures="0" timestamp="2020-06-10T10:35:05 MDT" time="8.763" errors="0">
  <testcase name="FBLogin" time="8.763" classname="jenkinsDemo.TC_001"/>
  <system-out/>
</testsuite> <!-- jenkinsDemo.TC_001 -->
