<?xml version="1.0" encoding="UTF-8"?>
<!-- Generated by org.testng.reporters.JUnitReportReporter -->
<testsuite skipped="0" hostname="DESKTOP-B1O0VS9" name="suiteA.TestA1" tests="1" failures="0" timestamp="2020-06-30T12:44:19 MDT" time="21.296" errors="0">
  <testcase name="Pantry_linkTest" time="21.296" classname="suiteA.TestA1"/>
  <system-out/>
</testsuite> <!-- suiteA.TestA1 -->
