<?xml version="1.0" encoding="UTF-8"?>
<!-- Generated by org.testng.reporters.JUnitReportReporter -->
<testsuite skipped="0" hostname="DESKTOP-B1O0VS9" name="MyMavenDemo.MavenDemo.Robot_Test" tests="1" failures="0" timestamp="2020-07-12T13:25:22 MDT" time="15.266" errors="0">
  <testcase name="Robot" time="15.266" classname="MyMavenDemo.MavenDemo.Robot_Test"/>
  <system-out/>
</testsuite> <!-- MyMavenDemo.MavenDemo.Robot_Test -->
