<?xml version="1.0" encoding="UTF-8"?>
<!-- Generated by org.testng.reporters.JUnitReportReporter -->
<testsuite hostname="DESKTOP-B1O0VS9" failures="0" tests="1" name="suiteA.TestA1" time="2.004" errors="0" timestamp="2020-06-09T13:55:50 MDT" skipped="0">
  <testcase classname="suiteA.TestA1" name="Testa1" time="2.004"/>
  <system-out/>
</testsuite> <!-- suiteA.TestA1 -->
