<?xml version="1.0" encoding="UTF-8"?>
<!-- Generated by org.testng.reporters.JUnitReportReporter -->
<testsuite hostname="DESKTOP-B1O0VS9" failures="0" tests="1" name="MyMavenDemo.MavenDemo.TC_001" time="7.751" errors="0" timestamp="2020-06-01T14:02:07 MDT" skipped="0">
  <testcase classname="MyMavenDemo.MavenDemo.TC_001" name="RadioButtonFB" time="7.751"/>
  <system-out/>
</testsuite> <!-- MyMavenDemo.MavenDemo.TC_001 -->
