<?xml version="1.0" encoding="UTF-8"?>
<!-- Generated by org.testng.reporters.JUnitReportReporter -->
<testsuite hostname="DESKTOP-B1O0VS9" failures="0" tests="2" name="batchTesting.LoginTest" time="3.669" errors="0" timestamp="2020-05-19T14:25:20 MDT" skipped="0">
  <testcase classname="batchTesting.LoginTest" name="Loginbyfacebook" time="3.652"/>
  <system-out/>
  <testcase classname="batchTesting.LoginTest" name="LoginbyEmail" time="0.017"/>
  <system-out/>
</testsuite> <!-- batchTesting.LoginTest -->
