<?xml version="1.0" encoding="UTF-8"?>
<!-- Generated by org.testng.reporters.JUnitReportReporter -->
<testsuite hostname="DESKTOP-B1O0VS9" failures="0" tests="4" name="testNG.NewTest_001" time="0.012" errors="0" timestamp="2020-05-31T12:17:33 MDT" skipped="1">
  <testcase classname="testNG.NewTest_001" name="f" time="0.006"/>
  <system-out/>
  <testcase classname="testNG.NewTest_001" name="a" time="0.003"/>
  <system-out/>
  <testcase classname="testNG.NewTest_001" name="d" time="0.003"/>
  <system-out/>
  <testcase classname="testNG.NewTest_001" name="b">
    <skipped/>
  </testcase> <!-- b -->
  <system-out/>
</testsuite> <!-- testNG.NewTest_001 -->
