<?xml version="1.0" encoding="UTF-8"?>
<!-- Generated by org.testng.reporters.JUnitReportReporter -->
<testsuite hostname="DESKTOP-B1O0VS9" failures="0" tests="1" name="recordWithMonte.ClickTest" time="3.138" errors="0" timestamp="2020-05-19T15:21:37 MDT" skipped="0">
  <testcase classname="recordWithMonte.ClickTest" name="verifyLinks" time="3.138"/>
  <system-out/>
</testsuite> <!-- recordWithMonte.ClickTest -->
