<?xml version="1.0" encoding="UTF-8"?>
<!-- Generated by org.testng.reporters.JUnitReportReporter -->
<testsuite hostname="DESKTOP-B1O0VS9" failures="0" tests="1" name="testNG.NewTest" time="0.009" errors="0" timestamp="2020-05-31T11:56:52 MDT" skipped="0">
  <testcase classname="testNG.NewTest" name="f" time="0.009"/>
  <system-out/>
</testsuite> <!-- testNG.NewTest -->
