<?xml version="1.0" encoding="UTF-8"?>
<!-- Generated by org.testng.reporters.JUnitReportReporter -->
<testsuite skipped="0" hostname="DESKTOP-B1O0VS9" name="gtplBank.Test_006" tests="1" failures="0" timestamp="2020-08-25T11:04:45 MDT" time="19.447" errors="0">
  <testcase name="newCusRegistration" time="19.447" classname="gtplBank.Test_006"/>
  <system-out/>
</testsuite> <!-- gtplBank.Test_006 -->
