<?xml version="1.0" encoding="UTF-8"?>
<!-- Generated by org.testng.reporters.JUnitReportReporter -->
<testsuite skipped="0" hostname="DESKTOP-B1O0VS9" name="gtplBank.LoginPageGuruTest" tests="1" failures="0" timestamp="2020-08-23T12:46:47 MDT" time="23.877" errors="0">
  <testcase name="ManagerLoginTest" time="23.877" classname="gtplBank.LoginPageGuruTest"/>
  <system-out/>
</testsuite> <!-- gtplBank.LoginPageGuruTest -->
