<?xml version="1.0" encoding="UTF-8"?>
<!-- Generated by org.testng.reporters.JUnitReportReporter -->
<testsuite skipped="0" hostname="DESKTOP-B1O0VS9" name="gtplBank.DayTC_005" tests="4" failures="0" timestamp="2020-08-10T11:20:33 MDT" time="34.554" errors="0">
  <testcase name="TC_005" time="8.142" classname="gtplBank.DayTC_005"/>
  <system-out/>
  <testcase name="TC_005" time="8.431" classname="gtplBank.DayTC_005"/>
  <system-out/>
  <testcase name="TC_005" time="9.895" classname="gtplBank.DayTC_005"/>
  <system-out/>
  <testcase name="TC_005" time="8.086" classname="gtplBank.DayTC_005"/>
  <system-out/>
</testsuite> <!-- gtplBank.DayTC_005 -->
