<?xml version="1.0" encoding="UTF-8"?>
<!-- Generated by org.testng.reporters.JUnitReportReporter -->
<testsuite skipped="0" hostname="DESKTOP-B1O0VS9" name="gtplBank.LoginParameterTest" tests="4" failures="0" timestamp="2020-08-09T12:04:19 MDT" time="36.639" errors="0">
  <testcase name="ManagerLoginTest" time="9.481" classname="gtplBank.LoginParameterTest"/>
  <system-out/>
  <testcase name="ManagerLoginTest" time="8.725" classname="gtplBank.LoginParameterTest"/>
  <system-out/>
  <testcase name="ManagerLoginTest" time="9.044" classname="gtplBank.LoginParameterTest"/>
  <system-out/>
  <testcase name="ManagerLoginTest" time="9.389" classname="gtplBank.LoginParameterTest"/>
  <system-out/>
</testsuite> <!-- gtplBank.LoginParameterTest -->
