<?xml version="1.0" encoding="UTF-8"?>
<!-- Generated by org.testng.reporters.JUnitReportReporter -->
<testsuite skipped="0" hostname="DESKTOP-B1O0VS9" name="gtplBank.gettextTest" tests="1" failures="0" timestamp="2020-08-23T13:10:25 MDT" time="9.187" errors="0">
  <testcase name="f" time="9.187" classname="gtplBank.gettextTest"/>
  <system-out/>
</testsuite> <!-- gtplBank.gettextTest -->
