<?xml version="1.0" encoding="UTF-8"?>
<!-- Generated by org.testng.reporters.JUnitReportReporter -->
<testsuite skipped="0" hostname="DESKTOP-B1O0VS9" name="gtplBank.DataProviderTest_01" tests="4" failures="0" timestamp="2020-08-12T10:20:23 MDT" time="67.485" errors="0">
  <testcase name="Login" time="14.197" classname="gtplBank.DataProviderTest_01"/>
  <system-out/>
  <testcase name="Login" time="14.953" classname="gtplBank.DataProviderTest_01"/>
  <system-out/>
  <testcase name="Login" time="24.670" classname="gtplBank.DataProviderTest_01"/>
  <system-out/>
  <testcase name="Login" time="13.665" classname="gtplBank.DataProviderTest_01"/>
  <system-out/>
</testsuite> <!-- gtplBank.DataProviderTest_01 -->
