<?xml version="1.0" encoding="UTF-8"?>
<!-- Generated by org.testng.reporters.JUnitReportReporter -->
<testsuite skipped="0" hostname="DESKTOP-B1O0VS9" name="gtplBank.ss1_Test" tests="2" failures="0" timestamp="2020-08-10T11:34:50 MDT" time="39.061" errors="0">
  <testcase name="VerifyLogin_chrome" time="8.616" classname="gtplBank.ss1_Test"/>
  <system-out/>
  <testcase name="VerifyLogin_fireefox" time="30.445" classname="gtplBank.ss1_Test"/>
  <system-out/>
</testsuite> <!-- gtplBank.ss1_Test -->
